2014/06/11 15:04:37 [trace] [system.CModule] Loading "log" application component
in /var/www/pvg2/index.php (13)
2014/06/11 15:04:37 [trace] [system.CModule] Loading "request" application component
in /var/www/pvg2/index.php (13)
2014/06/11 15:04:37 [trace] [system.CModule] Loading "urlManager" application component
in /var/www/pvg2/index.php (13)
2014/06/11 15:04:37 [trace] [system.CModule] Loading "widgetFactory" application component
in /var/www/pvg2/protected/views/layouts/column1.php (2)
in /var/www/pvg2/protected/controllers/SiteController.php (32)
in /var/www/pvg2/index.php (13)
2014/06/11 15:04:37 [trace] [system.CModule] Loading "user" application component
in /var/www/pvg2/protected/views/layouts/main.php (35)
in /var/www/pvg2/protected/views/layouts/column1.php (6)
in /var/www/pvg2/protected/controllers/SiteController.php (32)
2014/06/11 15:04:37 [trace] [system.CModule] Loading "session" application component
in /var/www/pvg2/protected/views/layouts/main.php (35)
in /var/www/pvg2/protected/views/layouts/column1.php (6)
in /var/www/pvg2/protected/controllers/SiteController.php (32)
2014/06/11 15:04:37 [trace] [system.CModule] Loading "coreMessages" application component
in /var/www/pvg2/protected/views/layouts/main.php (53)
in /var/www/pvg2/protected/views/layouts/column1.php (6)
in /var/www/pvg2/protected/controllers/SiteController.php (32)
2014/06/11 15:04:37 [trace] [system.CModule] Loading "clientScript" application component
in /var/www/pvg2/protected/controllers/SiteController.php (32)
in /var/www/pvg2/index.php (13)
2014/06/11 15:05:17 [trace] [system.CModule] Loading "log" application component
in /var/www/pvg2/index.php (13)
2014/06/11 15:05:17 [trace] [system.CModule] Loading "request" application component
in /var/www/pvg2/index.php (13)
2014/06/11 15:05:18 [trace] [system.CModule] Loading "urlManager" application component
in /var/www/pvg2/index.php (13)
2014/06/11 15:05:19 [trace] [system.web.filters.CFilterChain] Running filter UploadController.filteraccessControl()
in /var/www/pvg2/index.php (13)
2014/06/11 15:05:19 [trace] [system.CModule] Loading "user" application component
in /var/www/pvg2/index.php (13)
2014/06/11 15:05:19 [trace] [system.CModule] Loading "session" application component
in /var/www/pvg2/index.php (13)
2014/06/11 15:05:19 [trace] [system.CModule] Loading "coreMessages" application component
in /var/www/pvg2/index.php (13)
2014/06/11 15:05:20 [trace] [system.CModule] Loading "log" application component
in /var/www/pvg2/index.php (13)
2014/06/11 15:05:20 [trace] [system.CModule] Loading "request" application component
in /var/www/pvg2/index.php (13)
2014/06/11 15:05:20 [trace] [system.CModule] Loading "urlManager" application component
in /var/www/pvg2/index.php (13)
2014/06/11 15:05:21 [trace] [system.CModule] Loading "widgetFactory" application component
in /var/www/pvg2/protected/views/site/login.php (23)
in /var/www/pvg2/protected/controllers/SiteController.php (98)
in /var/www/pvg2/index.php (13)
2014/06/11 15:05:22 [trace] [system.CModule] Loading "coreMessages" application component
in /var/www/pvg2/protected/views/site/login.php (30)
in /var/www/pvg2/protected/controllers/SiteController.php (98)
in /var/www/pvg2/index.php (13)
2014/06/11 15:05:22 [trace] [system.CModule] Loading "clientScript" application component
in /var/www/pvg2/protected/views/site/login.php (52)
in /var/www/pvg2/protected/controllers/SiteController.php (98)
in /var/www/pvg2/index.php (13)
2014/06/11 15:05:22 [trace] [system.CModule] Loading "user" application component
in /var/www/pvg2/protected/views/layouts/main.php (35)
in /var/www/pvg2/protected/views/layouts/column1.php (6)
in /var/www/pvg2/protected/controllers/SiteController.php (98)
2014/06/11 15:05:22 [trace] [system.CModule] Loading "session" application component
in /var/www/pvg2/protected/views/layouts/main.php (35)
in /var/www/pvg2/protected/views/layouts/column1.php (6)
in /var/www/pvg2/protected/controllers/SiteController.php (98)
2014/06/11 15:05:23 [trace] [system.CModule] Loading "assetManager" application component
in /var/www/pvg2/protected/controllers/SiteController.php (98)
in /var/www/pvg2/index.php (13)
2014/06/11 15:05:44 [trace] [system.CModule] Loading "log" application component
in /var/www/pvg2/index.php (13)
2014/06/11 15:05:44 [trace] [system.CModule] Loading "request" application component
in /var/www/pvg2/index.php (13)
2014/06/11 15:05:44 [trace] [system.CModule] Loading "urlManager" application component
in /var/www/pvg2/index.php (13)
2014/06/11 15:05:44 [trace] [system.CModule] Loading "user" application component
in /var/www/pvg2/protected/models/LoginForm.php (71)
in /var/www/pvg2/protected/controllers/SiteController.php (94)
in /var/www/pvg2/index.php (13)
2014/06/11 15:05:44 [trace] [system.CModule] Loading "session" application component
in /var/www/pvg2/protected/models/LoginForm.php (71)
in /var/www/pvg2/protected/controllers/SiteController.php (94)
in /var/www/pvg2/index.php (13)
2014/06/11 15:05:45 [trace] [system.CModule] Loading "log" application component
in /var/www/pvg2/index.php (13)
2014/06/11 15:05:45 [trace] [system.CModule] Loading "request" application component
in /var/www/pvg2/index.php (13)
2014/06/11 15:05:45 [trace] [system.CModule] Loading "urlManager" application component
in /var/www/pvg2/index.php (13)
2014/06/11 15:05:45 [trace] [system.web.filters.CFilterChain] Running filter UploadController.filteraccessControl()
in /var/www/pvg2/index.php (13)
2014/06/11 15:05:45 [trace] [system.CModule] Loading "user" application component
in /var/www/pvg2/index.php (13)
2014/06/11 15:05:45 [trace] [system.CModule] Loading "session" application component
in /var/www/pvg2/index.php (13)
2014/06/11 15:05:45 [trace] [system.CModule] Loading "db" application component
in /var/www/pvg2/protected/controllers/UploadController.php (65)
in /var/www/pvg2/index.php (13)
2014/06/11 15:05:45 [trace] [system.db.CDbConnection] Opening DB connection
in /var/www/pvg2/protected/controllers/UploadController.php (65)
in /var/www/pvg2/index.php (13)
2014/06/11 15:05:45 [trace] [system.db.CDbCommand] Querying SQL: SHOW FULL COLUMNS FROM `tbl_upload`
in /var/www/pvg2/protected/controllers/UploadController.php (65)
in /var/www/pvg2/index.php (13)
2014/06/11 15:05:45 [trace] [system.db.CDbCommand] Querying SQL: SHOW CREATE TABLE `tbl_upload`
in /var/www/pvg2/protected/controllers/UploadController.php (65)
in /var/www/pvg2/index.php (13)
2014/06/11 15:05:45 [trace] [application] Entered Create
in /var/www/pvg2/protected/controllers/UploadController.php (76)
in /var/www/pvg2/index.php (13)
2014/06/11 15:05:45 [trace] [application] Records not set
in /var/www/pvg2/protected/controllers/UploadController.php (161)
in /var/www/pvg2/index.php (13)
2014/06/11 15:05:46 [trace] [system.CModule] Loading "widgetFactory" application component
in /var/www/pvg2/protected/views/upload/_form.php (17)
in /var/www/pvg2/protected/views/upload/create.php (18)
in /var/www/pvg2/protected/controllers/UploadController.php (169)
2014/06/11 15:05:46 [trace] [system.CModule] Loading "clientScript" application component
in /var/www/pvg2/protected/views/upload/_form.php (55)
in /var/www/pvg2/protected/views/upload/create.php (18)
in /var/www/pvg2/protected/controllers/UploadController.php (169)
2014/06/11 15:05:46 [trace] [system.CModule] Loading "coreMessages" application component
in /var/www/pvg2/protected/views/layouts/main.php (43)
in /var/www/pvg2/protected/views/layouts/column2.php (22)
in /var/www/pvg2/protected/controllers/UploadController.php (169)
2014/06/11 15:05:46 [trace] [system.CModule] Loading "assetManager" application component
in /var/www/pvg2/protected/controllers/UploadController.php (169)
in /var/www/pvg2/index.php (13)
2014/06/11 15:06:05 [trace] [system.CModule] Loading "log" application component
in /var/www/pvg2/index.php (13)
2014/06/11 15:06:05 [trace] [system.CModule] Loading "request" application component
in /var/www/pvg2/index.php (13)
2014/06/11 15:06:05 [trace] [system.CModule] Loading "urlManager" application component
in /var/www/pvg2/index.php (13)
2014/06/11 15:06:05 [trace] [system.web.filters.CFilterChain] Running filter UploadController.filteraccessControl()
in /var/www/pvg2/index.php (13)
2014/06/11 15:06:05 [trace] [system.CModule] Loading "user" application component
in /var/www/pvg2/index.php (13)
2014/06/11 15:06:05 [trace] [system.CModule] Loading "session" application component
in /var/www/pvg2/index.php (13)
2014/06/11 15:06:06 [trace] [system.CModule] Loading "db" application component
in /var/www/pvg2/protected/controllers/UploadController.php (65)
in /var/www/pvg2/index.php (13)
2014/06/11 15:06:06 [trace] [system.db.CDbConnection] Opening DB connection
in /var/www/pvg2/protected/controllers/UploadController.php (65)
in /var/www/pvg2/index.php (13)
2014/06/11 15:06:06 [trace] [system.db.CDbCommand] Querying SQL: SHOW FULL COLUMNS FROM `tbl_upload`
in /var/www/pvg2/protected/controllers/UploadController.php (65)
in /var/www/pvg2/index.php (13)
2014/06/11 15:06:06 [trace] [system.db.CDbCommand] Querying SQL: SHOW CREATE TABLE `tbl_upload`
in /var/www/pvg2/protected/controllers/UploadController.php (65)
in /var/www/pvg2/index.php (13)
2014/06/11 15:06:06 [trace] [application] Entered Create
in /var/www/pvg2/protected/controllers/UploadController.php (76)
in /var/www/pvg2/index.php (13)
2014/06/11 15:06:06 [trace] [application] Post entered, $_FILES isarray
(
    'spreads' => array
    (
        'name' => array
        (
            0 => 'Phaco DMEK Refractive Outcomes Study Data export 3-31-14Formatted.csv'
        )
        'type' => array
        (
            0 => 'application/csv'
        )
        'tmp_name' => array
        (
            0 => '/tmp/phpIfr8Wj'
        )
        'error' => array
        (
            0 => 0
        )
        'size' => array
        (
            0 => 145396
        )
    )
)
in /var/www/pvg2/protected/controllers/UploadController.php (80)
in /var/www/pvg2/index.php (13)
2014/06/11 15:06:06 [trace] [application] Post entered, $images name will be 
in /var/www/pvg2/protected/controllers/UploadController.php (83)
in /var/www/pvg2/index.php (13)
2014/06/11 15:06:06 [trace] [application] Post entered, $images name will be Phaco DMEK Refractive Outcomes Study Data export 3-31-14Formatted.csv
in /var/www/pvg2/protected/controllers/UploadController.php (87)
in /var/www/pvg2/index.php (13)
2014/06/11 15:06:06 [trace] [application] Post entered, $images name will be /var/www/pvg2/images/uploads/Phaco DMEK Refractive Outcomes Study Data export 3-31-14Formatted.csv
in /var/www/pvg2/protected/controllers/UploadController.php (92)
in /var/www/pvg2/index.php (13)
2014/06/11 15:06:09 [trace] [application] Post entered, $return is0
in /var/www/pvg2/protected/controllers/UploadController.php (97)
in /var/www/pvg2/index.php (13)
2014/06/11 15:06:09 [trace] [application] Post entered, $output isarray
(
    0 => ' [1] 2639 5976 3134 3308 7601 4012 5701 2048 8460 9528'
)
in /var/www/pvg2/protected/controllers/UploadController.php (98)
in /var/www/pvg2/index.php (13)
2014/06/11 15:06:09 [trace] [system.db.ar.CActiveRecord] Upload.insert()
in /var/www/pvg2/protected/controllers/UploadController.php (104)
in /var/www/pvg2/index.php (13)
2014/06/11 15:06:09 [trace] [system.db.CDbCommand] Executing SQL: INSERT INTO `tbl_upload` (`url`, `user_id`, `created`, `updated`) VALUES (:yp0, :yp1, NOW(), NOW())
in /var/www/pvg2/protected/controllers/UploadController.php (104)
in /var/www/pvg2/index.php (13)
2014/06/11 15:06:10 [trace] [application] Saved Model
in /var/www/pvg2/protected/controllers/UploadController.php (105)
in /var/www/pvg2/index.php (13)
2014/06/11 15:06:10 [trace] [system.db.CDbCommand] Querying SQL: SHOW FULL COLUMNS FROM `tbl_rawdata`
in /var/www/pvg2/protected/controllers/UploadController.php (108)
in /var/www/pvg2/index.php (13)
2014/06/11 15:06:10 [trace] [system.db.CDbCommand] Querying SQL: SHOW CREATE TABLE `tbl_rawdata`
in /var/www/pvg2/protected/controllers/UploadController.php (108)
in /var/www/pvg2/index.php (13)
2014/06/11 15:06:10 [error] [php] array_combine(): Both parameters should have an equal number of elements (/var/www/pvg2/protected/controllers/UploadController.php:134)
Stack trace:
#0 /var/framework/web/CController.php(308): CInlineAction->runWithParams()
#1 /var/framework/web/filters/CFilterChain.php(133): UploadController->runAction()
#2 /var/framework/web/filters/CFilter.php(40): CFilterChain->run()
#3 /var/framework/web/CController.php(1145): CAccessControlFilter->filter()
#4 /var/framework/web/filters/CInlineFilter.php(58): UploadController->filterAccessControl()
#5 /var/framework/web/filters/CFilterChain.php(130): CInlineFilter->filter()
#6 /var/framework/web/CController.php(291): CFilterChain->run()
#7 /var/framework/web/CController.php(265): UploadController->runActionWithFilters()
#8 /var/framework/web/CWebApplication.php(282): UploadController->run()
#9 /var/framework/web/CWebApplication.php(141): CWebApplication->runController()
#10 /var/framework/base/CApplication.php(180): CWebApplication->processRequest()
#11 /var/www/pvg2/index.php(13): CWebApplication->run()
REQUEST_URI=/pvg2/index.php/upload/create
in /var/www/pvg2/protected/controllers/UploadController.php (134)
in /var/www/pvg2/index.php (13)
2014/06/11 15:06:10 [trace] [system.CModule] Loading "errorHandler" application component
in /var/www/pvg2/protected/controllers/UploadController.php (134)
in /var/www/pvg2/index.php (13)
2014/06/12 10:11:31 [trace] [system.CModule] Loading "log" application component
in /var/www/pvg2/index.php (13)
2014/06/12 10:11:31 [trace] [system.CModule] Loading "request" application component
in /var/www/pvg2/index.php (13)
2014/06/12 10:11:31 [trace] [system.CModule] Loading "urlManager" application component
in /var/www/pvg2/index.php (13)
2014/06/12 10:11:31 [trace] [system.web.filters.CFilterChain] Running filter UploadController.filteraccessControl()
in /var/www/pvg2/index.php (13)
2014/06/12 10:11:31 [trace] [system.CModule] Loading "user" application component
in /var/www/pvg2/index.php (13)
2014/06/12 10:11:31 [trace] [system.CModule] Loading "session" application component
in /var/www/pvg2/index.php (13)
2014/06/12 10:11:31 [trace] [system.CModule] Loading "coreMessages" application component
in /var/www/pvg2/index.php (13)
2014/06/12 10:11:31 [trace] [system.CModule] Loading "log" application component
in /var/www/pvg2/index.php (13)
2014/06/12 10:11:31 [trace] [system.CModule] Loading "request" application component
in /var/www/pvg2/index.php (13)
2014/06/12 10:11:31 [trace] [system.CModule] Loading "urlManager" application component
in /var/www/pvg2/index.php (13)
2014/06/12 10:11:31 [trace] [system.CModule] Loading "widgetFactory" application component
in /var/www/pvg2/protected/views/site/login.php (23)
in /var/www/pvg2/protected/controllers/SiteController.php (98)
in /var/www/pvg2/index.php (13)
2014/06/12 10:11:31 [trace] [system.CModule] Loading "coreMessages" application component
in /var/www/pvg2/protected/views/site/login.php (30)
in /var/www/pvg2/protected/controllers/SiteController.php (98)
in /var/www/pvg2/index.php (13)
2014/06/12 10:11:31 [trace] [system.CModule] Loading "clientScript" application component
in /var/www/pvg2/protected/views/site/login.php (52)
in /var/www/pvg2/protected/controllers/SiteController.php (98)
in /var/www/pvg2/index.php (13)
2014/06/12 10:11:31 [trace] [system.CModule] Loading "user" application component
in /var/www/pvg2/protected/views/layouts/main.php (35)
in /var/www/pvg2/protected/views/layouts/column1.php (6)
in /var/www/pvg2/protected/controllers/SiteController.php (98)
2014/06/12 10:11:31 [trace] [system.CModule] Loading "session" application component
in /var/www/pvg2/protected/views/layouts/main.php (35)
in /var/www/pvg2/protected/views/layouts/column1.php (6)
in /var/www/pvg2/protected/controllers/SiteController.php (98)
2014/06/12 10:11:31 [trace] [system.CModule] Loading "assetManager" application component
in /var/www/pvg2/protected/controllers/SiteController.php (98)
in /var/www/pvg2/index.php (13)
2014/06/12 10:11:31 [trace] [system.CModule] Loading "log" application component
in /var/www/pvg2/index.php (13)
2014/06/12 10:11:31 [trace] [system.CModule] Loading "request" application component
in /var/www/pvg2/index.php (13)
2014/06/12 10:11:31 [trace] [system.CModule] Loading "urlManager" application component
in /var/www/pvg2/index.php (13)
2014/06/12 10:11:31 [trace] [system.CModule] Loading "widgetFactory" application component
in /var/www/pvg2/protected/views/site/login.php (23)
in /var/www/pvg2/protected/controllers/SiteController.php (98)
in /var/www/pvg2/index.php (13)
2014/06/12 10:11:31 [trace] [system.CModule] Loading "coreMessages" application component
in /var/www/pvg2/protected/views/site/login.php (30)
in /var/www/pvg2/protected/controllers/SiteController.php (98)
in /var/www/pvg2/index.php (13)
2014/06/12 10:11:31 [trace] [system.CModule] Loading "clientScript" application component
in /var/www/pvg2/protected/views/site/login.php (52)
in /var/www/pvg2/protected/controllers/SiteController.php (98)
in /var/www/pvg2/index.php (13)
2014/06/12 10:11:31 [trace] [system.CModule] Loading "user" application component
in /var/www/pvg2/protected/views/layouts/main.php (35)
in /var/www/pvg2/protected/views/layouts/column1.php (6)
in /var/www/pvg2/protected/controllers/SiteController.php (98)
2014/06/12 10:11:31 [trace] [system.CModule] Loading "session" application component
in /var/www/pvg2/protected/views/layouts/main.php (35)
in /var/www/pvg2/protected/views/layouts/column1.php (6)
in /var/www/pvg2/protected/controllers/SiteController.php (98)
2014/06/12 10:11:31 [trace] [system.CModule] Loading "assetManager" application component
in /var/www/pvg2/protected/controllers/SiteController.php (98)
in /var/www/pvg2/index.php (13)
2014/06/12 11:16:42 [trace] [system.CModule] Loading "log" application component
in /var/www/pvg2/index.php (13)
2014/06/12 11:16:42 [trace] [system.CModule] Loading "request" application component
in /var/www/pvg2/index.php (13)
2014/06/12 11:16:42 [trace] [system.CModule] Loading "urlManager" application component
in /var/www/pvg2/index.php (13)
2014/06/12 11:16:42 [trace] [system.CModule] Loading "widgetFactory" application component
in /var/www/pvg2/protected/views/layouts/column1.php (2)
in /var/www/pvg2/protected/controllers/SiteController.php (32)
in /var/www/pvg2/index.php (13)
2014/06/12 11:16:42 [trace] [system.CModule] Loading "user" application component
in /var/www/pvg2/protected/views/layouts/main.php (35)
in /var/www/pvg2/protected/views/layouts/column1.php (6)
in /var/www/pvg2/protected/controllers/SiteController.php (32)
2014/06/12 11:16:42 [trace] [system.CModule] Loading "session" application component
in /var/www/pvg2/protected/views/layouts/main.php (35)
in /var/www/pvg2/protected/views/layouts/column1.php (6)
in /var/www/pvg2/protected/controllers/SiteController.php (32)
2014/06/12 11:16:42 [trace] [system.CModule] Loading "coreMessages" application component
in /var/www/pvg2/protected/views/layouts/main.php (53)
in /var/www/pvg2/protected/views/layouts/column1.php (6)
in /var/www/pvg2/protected/controllers/SiteController.php (32)
2014/06/12 11:16:42 [trace] [system.CModule] Loading "clientScript" application component
in /var/www/pvg2/protected/controllers/SiteController.php (32)
in /var/www/pvg2/index.php (13)
2014/06/12 11:16:51 [trace] [system.CModule] Loading "log" application component
in /var/www/pvg2/index.php (13)
2014/06/12 11:16:51 [trace] [system.CModule] Loading "request" application component
in /var/www/pvg2/index.php (13)
2014/06/12 11:16:51 [trace] [system.CModule] Loading "urlManager" application component
in /var/www/pvg2/index.php (13)
2014/06/12 11:16:51 [trace] [system.CModule] Loading "widgetFactory" application component
in /var/www/pvg2/protected/views/layouts/column1.php (2)
in /var/www/pvg2/protected/controllers/SiteController.php (32)
in /var/www/pvg2/index.php (13)
2014/06/12 11:16:51 [trace] [system.CModule] Loading "user" application component
in /var/www/pvg2/protected/views/layouts/main.php (35)
in /var/www/pvg2/protected/views/layouts/column1.php (6)
in /var/www/pvg2/protected/controllers/SiteController.php (32)
2014/06/12 11:16:51 [trace] [system.CModule] Loading "session" application component
in /var/www/pvg2/protected/views/layouts/main.php (35)
in /var/www/pvg2/protected/views/layouts/column1.php (6)
in /var/www/pvg2/protected/controllers/SiteController.php (32)
2014/06/12 11:16:51 [trace] [system.CModule] Loading "coreMessages" application component
in /var/www/pvg2/protected/views/layouts/main.php (53)
in /var/www/pvg2/protected/views/layouts/column1.php (6)
in /var/www/pvg2/protected/controllers/SiteController.php (32)
2014/06/12 11:16:51 [trace] [system.CModule] Loading "clientScript" application component
in /var/www/pvg2/protected/controllers/SiteController.php (32)
in /var/www/pvg2/index.php (13)
2014/06/12 11:16:54 [trace] [system.CModule] Loading "log" application component
in /var/www/pvg2/index.php (13)
2014/06/12 11:16:54 [trace] [system.CModule] Loading "request" application component
in /var/www/pvg2/index.php (13)
2014/06/12 11:16:54 [trace] [system.CModule] Loading "urlManager" application component
in /var/www/pvg2/index.php (13)
2014/06/12 11:16:54 [trace] [system.base.CModule] Loading "gii" module
in /var/www/pvg2/index.php (13)
2014/06/12 11:16:54 [trace] [system.CModule] Loading "user" application component
in /var/www/pvg2/index.php (13)
2014/06/12 11:16:54 [trace] [system.CModule] Loading "session" application component
in /var/www/pvg2/index.php (13)
2014/06/12 11:16:54 [trace] [system.CModule] Loading "log" application component
in /var/www/pvg2/index.php (13)
2014/06/12 11:16:54 [trace] [system.CModule] Loading "request" application component
in /var/www/pvg2/index.php (13)
2014/06/12 11:16:54 [trace] [system.CModule] Loading "urlManager" application component
in /var/www/pvg2/index.php (13)
2014/06/12 11:16:54 [trace] [system.base.CModule] Loading "gii" module
in /var/www/pvg2/index.php (13)
2014/06/12 11:16:54 [trace] [system.CModule] Loading "user" application component
in /var/www/pvg2/index.php (13)
2014/06/12 11:16:54 [trace] [system.CModule] Loading "session" application component
in /var/www/pvg2/index.php (13)
2014/06/12 11:16:54 [trace] [system.CModule] Loading "widgetFactory" application component
in /var/www/pvg2/index.php (13)
2014/06/12 11:16:54 [trace] [system.CModule] Loading "clientScript" application component
in /var/www/pvg2/index.php (13)
2014/06/12 11:16:54 [trace] [system.CModule] Loading "assetManager" application component
in /var/www/pvg2/index.php (13)
2014/06/12 11:16:54 [trace] [system.CModule] Loading "coreMessages" application component
in /var/www/pvg2/index.php (13)
2014/06/12 11:16:56 [trace] [system.CModule] Loading "log" application component
in /var/www/pvg2/index.php (13)
2014/06/12 11:16:56 [trace] [system.CModule] Loading "request" application component
in /var/www/pvg2/index.php (13)
2014/06/12 11:16:56 [trace] [system.CModule] Loading "urlManager" application component
in /var/www/pvg2/index.php (13)
2014/06/12 11:16:56 [trace] [system.base.CModule] Loading "gii" module
in /var/www/pvg2/index.php (13)
2014/06/12 11:16:56 [trace] [system.CModule] Loading "user" application component
in /var/www/pvg2/index.php (13)
2014/06/12 11:16:56 [trace] [system.CModule] Loading "session" application component
in /var/www/pvg2/index.php (13)
2014/06/12 11:16:56 [trace] [system.CModule] Loading "log" application component
in /var/www/pvg2/index.php (13)
2014/06/12 11:16:56 [trace] [system.CModule] Loading "request" application component
in /var/www/pvg2/index.php (13)
2014/06/12 11:16:56 [trace] [system.CModule] Loading "urlManager" application component
in /var/www/pvg2/index.php (13)
2014/06/12 11:16:56 [trace] [system.base.CModule] Loading "gii" module
in /var/www/pvg2/index.php (13)
2014/06/12 11:16:56 [trace] [system.CModule] Loading "user" application component
in /var/www/pvg2/index.php (13)
2014/06/12 11:16:56 [trace] [system.CModule] Loading "session" application component
in /var/www/pvg2/index.php (13)
2014/06/12 11:16:56 [trace] [system.CModule] Loading "widgetFactory" application component
in /var/www/pvg2/index.php (13)
2014/06/12 11:16:56 [trace] [system.CModule] Loading "clientScript" application component
in /var/www/pvg2/index.php (13)
2014/06/12 11:16:56 [trace] [system.CModule] Loading "assetManager" application component
in /var/www/pvg2/index.php (13)
2014/06/12 11:16:56 [trace] [system.CModule] Loading "coreMessages" application component
in /var/www/pvg2/index.php (13)
2014/06/12 11:16:59 [trace] [system.CModule] Loading "log" application component
in /var/www/pvg2/index.php (13)
2014/06/12 11:16:59 [trace] [system.CModule] Loading "request" application component
in /var/www/pvg2/index.php (13)
2014/06/12 11:16:59 [trace] [system.CModule] Loading "urlManager" application component
in /var/www/pvg2/index.php (13)
2014/06/12 11:16:59 [trace] [system.base.CModule] Loading "gii" module
in /var/www/pvg2/index.php (13)
2014/06/12 11:16:59 [trace] [system.CModule] Loading "user" application component
in /var/www/pvg2/index.php (13)
2014/06/12 11:16:59 [trace] [system.CModule] Loading "session" application component
in /var/www/pvg2/index.php (13)
2014/06/12 11:16:59 [trace] [system.CModule] Loading "db" application component
in /var/www/pvg2/index.php (13)
2014/06/12 11:16:59 [trace] [system.db.CDbConnection] Opening DB connection
in /var/www/pvg2/index.php (13)
2014/06/12 11:16:59 [trace] [system.CModule] Loading "clientScript" application component
in /var/www/pvg2/index.php (13)
2014/06/12 11:16:59 [trace] [system.CModule] Loading "widgetFactory" application component
in /var/www/pvg2/index.php (13)
2014/06/12 11:16:59 [trace] [system.db.CDbCommand] Querying SQL: SHOW TABLES
in /var/www/pvg2/index.php (13)
2014/06/12 11:16:59 [trace] [system.db.CDbCommand] Querying SQL: SHOW FULL COLUMNS FROM `tbl_migration`
in /var/www/pvg2/index.php (13)
2014/06/12 11:16:59 [trace] [system.db.CDbCommand] Querying SQL: SHOW CREATE TABLE `tbl_migration`
in /var/www/pvg2/index.php (13)
2014/06/12 11:16:59 [trace] [system.db.CDbCommand] Querying SQL: SHOW FULL COLUMNS FROM `tbl_rawdata`
in /var/www/pvg2/index.php (13)
2014/06/12 11:16:59 [trace] [system.db.CDbCommand] Querying SQL: SHOW CREATE TABLE `tbl_rawdata`
in /var/www/pvg2/index.php (13)
2014/06/12 11:16:59 [trace] [system.db.CDbCommand] Querying SQL: SHOW FULL COLUMNS FROM `tbl_upload`
in /var/www/pvg2/index.php (13)
2014/06/12 11:16:59 [trace] [system.db.CDbCommand] Querying SQL: SHOW CREATE TABLE `tbl_upload`
in /var/www/pvg2/index.php (13)
2014/06/12 11:16:59 [trace] [system.db.CDbCommand] Querying SQL: SHOW FULL COLUMNS FROM `tbl_user`
in /var/www/pvg2/index.php (13)
2014/06/12 11:16:59 [trace] [system.db.CDbCommand] Querying SQL: SHOW CREATE TABLE `tbl_user`
in /var/www/pvg2/index.php (13)
2014/06/12 11:16:59 [trace] [system.CModule] Loading "assetManager" application component
in /var/www/pvg2/index.php (13)
2014/06/12 11:16:59 [trace] [system.CModule] Loading "coreMessages" application component
in /var/www/pvg2/index.php (13)
2014/06/12 11:17:08 [trace] [system.CModule] Loading "log" application component
in /var/www/pvg2/index.php (13)
2014/06/12 11:17:08 [trace] [system.CModule] Loading "request" application component
in /var/www/pvg2/index.php (13)
2014/06/12 11:17:08 [trace] [system.CModule] Loading "urlManager" application component
in /var/www/pvg2/index.php (13)
2014/06/12 11:17:08 [trace] [system.base.CModule] Loading "gii" module
in /var/www/pvg2/index.php (13)
2014/06/12 11:17:08 [trace] [system.CModule] Loading "user" application component
in /var/www/pvg2/index.php (13)
2014/06/12 11:17:08 [trace] [system.CModule] Loading "session" application component
in /var/www/pvg2/index.php (13)
2014/06/12 11:17:08 [trace] [system.CModule] Loading "db" application component
in /var/www/pvg2/index.php (13)
2014/06/12 11:17:08 [trace] [system.db.CDbConnection] Opening DB connection
in /var/www/pvg2/index.php (13)
2014/06/12 11:17:08 [trace] [system.db.CDbCommand] Querying SQL: SHOW FULL COLUMNS FROM `tbl_rawdata`
in /var/www/pvg2/index.php (13)
2014/06/12 11:17:08 [trace] [system.db.CDbCommand] Querying SQL: SHOW CREATE TABLE `tbl_rawdata`
in /var/www/pvg2/index.php (13)
2014/06/12 11:17:09 [trace] [system.db.CDbCommand] Querying SQL: SHOW TABLES
in /var/www/pvg2/index.php (13)
2014/06/12 11:17:09 [trace] [system.db.CDbCommand] Querying SQL: SHOW FULL COLUMNS FROM `tbl_migration`
in /var/www/pvg2/index.php (13)
2014/06/12 11:17:09 [trace] [system.db.CDbCommand] Querying SQL: SHOW CREATE TABLE `tbl_migration`
in /var/www/pvg2/index.php (13)
2014/06/12 11:17:09 [trace] [system.db.CDbCommand] Querying SQL: SHOW FULL COLUMNS FROM `tbl_upload`
in /var/www/pvg2/index.php (13)
2014/06/12 11:17:09 [trace] [system.db.CDbCommand] Querying SQL: SHOW CREATE TABLE `tbl_upload`
in /var/www/pvg2/index.php (13)
2014/06/12 11:17:09 [trace] [system.db.CDbCommand] Querying SQL: SHOW FULL COLUMNS FROM `tbl_user`
in /var/www/pvg2/index.php (13)
2014/06/12 11:17:09 [trace] [system.db.CDbCommand] Querying SQL: SHOW CREATE TABLE `tbl_user`
in /var/www/pvg2/index.php (13)
2014/06/12 11:17:09 [trace] [system.CModule] Loading "clientScript" application component
in /var/www/pvg2/index.php (13)
2014/06/12 11:17:09 [trace] [system.CModule] Loading "widgetFactory" application component
in /var/www/pvg2/index.php (13)
2014/06/12 11:17:09 [trace] [system.CModule] Loading "assetManager" application component
in /var/www/pvg2/index.php (13)
2014/06/12 11:17:09 [trace] [system.CModule] Loading "coreMessages" application component
in /var/www/pvg2/index.php (13)
2014/06/12 11:17:14 [trace] [system.CModule] Loading "log" application component
in /var/www/pvg2/index.php (13)
2014/06/12 11:17:14 [trace] [system.CModule] Loading "request" application component
in /var/www/pvg2/index.php (13)
2014/06/12 11:17:14 [trace] [system.CModule] Loading "urlManager" application component
in /var/www/pvg2/index.php (13)
2014/06/12 11:17:14 [trace] [system.base.CModule] Loading "gii" module
in /var/www/pvg2/index.php (13)
2014/06/12 11:17:14 [trace] [system.CModule] Loading "user" application component
in /var/www/pvg2/index.php (13)
2014/06/12 11:17:14 [trace] [system.CModule] Loading "session" application component
in /var/www/pvg2/index.php (13)
2014/06/12 11:17:14 [trace] [system.CModule] Loading "db" application component
in /var/www/pvg2/index.php (13)
2014/06/12 11:17:14 [trace] [system.db.CDbConnection] Opening DB connection
in /var/www/pvg2/index.php (13)
2014/06/12 11:17:14 [trace] [system.db.CDbCommand] Querying SQL: SHOW FULL COLUMNS FROM `tbl_rawdata`
in /var/www/pvg2/index.php (13)
2014/06/12 11:17:14 [trace] [system.db.CDbCommand] Querying SQL: SHOW CREATE TABLE `tbl_rawdata`
in /var/www/pvg2/index.php (13)
2014/06/12 11:17:14 [trace] [system.db.CDbCommand] Querying SQL: SHOW TABLES
in /var/www/pvg2/index.php (13)
2014/06/12 11:17:14 [trace] [system.db.CDbCommand] Querying SQL: SHOW FULL COLUMNS FROM `tbl_migration`
in /var/www/pvg2/index.php (13)
2014/06/12 11:17:14 [trace] [system.db.CDbCommand] Querying SQL: SHOW CREATE TABLE `tbl_migration`
in /var/www/pvg2/index.php (13)
2014/06/12 11:17:14 [trace] [system.db.CDbCommand] Querying SQL: SHOW FULL COLUMNS FROM `tbl_upload`
in /var/www/pvg2/index.php (13)
2014/06/12 11:17:14 [trace] [system.db.CDbCommand] Querying SQL: SHOW CREATE TABLE `tbl_upload`
in /var/www/pvg2/index.php (13)
2014/06/12 11:17:14 [trace] [system.db.CDbCommand] Querying SQL: SHOW FULL COLUMNS FROM `tbl_user`
in /var/www/pvg2/index.php (13)
2014/06/12 11:17:14 [trace] [system.db.CDbCommand] Querying SQL: SHOW CREATE TABLE `tbl_user`
in /var/www/pvg2/index.php (13)
2014/06/12 11:17:14 [trace] [system.CModule] Loading "clientScript" application component
in /var/www/pvg2/index.php (13)
2014/06/12 11:17:14 [trace] [system.CModule] Loading "widgetFactory" application component
in /var/www/pvg2/index.php (13)
2014/06/12 11:17:14 [trace] [system.CModule] Loading "assetManager" application component
in /var/www/pvg2/index.php (13)
2014/06/12 11:17:14 [trace] [system.CModule] Loading "coreMessages" application component
in /var/www/pvg2/index.php (13)
2014/06/12 11:17:22 [trace] [system.CModule] Loading "log" application component
in /var/www/pvg2/index.php (13)
2014/06/12 11:17:22 [trace] [system.CModule] Loading "request" application component
in /var/www/pvg2/index.php (13)
2014/06/12 11:17:22 [trace] [system.CModule] Loading "urlManager" application component
in /var/www/pvg2/index.php (13)
2014/06/12 11:17:22 [trace] [system.base.CModule] Loading "gii" module
in /var/www/pvg2/index.php (13)
2014/06/12 11:17:22 [trace] [system.CModule] Loading "user" application component
in /var/www/pvg2/index.php (13)
2014/06/12 11:17:22 [trace] [system.CModule] Loading "session" application component
in /var/www/pvg2/index.php (13)
2014/06/12 11:17:22 [trace] [system.CModule] Loading "db" application component
in /var/www/pvg2/index.php (13)
2014/06/12 11:17:22 [trace] [system.db.CDbConnection] Opening DB connection
in /var/www/pvg2/index.php (13)
2014/06/12 11:17:22 [trace] [system.CModule] Loading "clientScript" application component
in /var/www/pvg2/index.php (13)
2014/06/12 11:17:22 [trace] [system.CModule] Loading "widgetFactory" application component
in /var/www/pvg2/index.php (13)
2014/06/12 11:17:22 [trace] [system.CModule] Loading "assetManager" application component
in /var/www/pvg2/index.php (13)
2014/06/12 11:17:22 [trace] [system.CModule] Loading "coreMessages" application component
in /var/www/pvg2/index.php (13)
2014/06/12 11:17:34 [trace] [system.CModule] Loading "log" application component
in /var/www/pvg2/index.php (13)
2014/06/12 11:17:34 [trace] [system.CModule] Loading "request" application component
in /var/www/pvg2/index.php (13)
2014/06/12 11:17:34 [trace] [system.CModule] Loading "urlManager" application component
in /var/www/pvg2/index.php (13)
2014/06/12 11:17:34 [trace] [system.base.CModule] Loading "gii" module
in /var/www/pvg2/index.php (13)
2014/06/12 11:17:34 [trace] [system.CModule] Loading "user" application component
in /var/www/pvg2/index.php (13)
2014/06/12 11:17:34 [trace] [system.CModule] Loading "session" application component
in /var/www/pvg2/index.php (13)
2014/06/12 11:17:34 [trace] [system.CModule] Loading "db" application component
in /var/www/pvg2/index.php (13)
2014/06/12 11:17:34 [trace] [system.db.CDbConnection] Opening DB connection
in /var/www/pvg2/index.php (13)
2014/06/12 11:17:34 [trace] [system.db.CDbCommand] Querying SQL: SHOW FULL COLUMNS FROM `tbl_rawdata`
in /var/www/pvg2/index.php (13)
2014/06/12 11:17:34 [trace] [system.db.CDbCommand] Querying SQL: SHOW CREATE TABLE `tbl_rawdata`
in /var/www/pvg2/index.php (13)
2014/06/12 11:17:34 [trace] [system.CModule] Loading "clientScript" application component
in /var/www/pvg2/index.php (13)
2014/06/12 11:17:34 [trace] [system.CModule] Loading "widgetFactory" application component
in /var/www/pvg2/index.php (13)
2014/06/12 11:17:34 [trace] [system.CModule] Loading "assetManager" application component
in /var/www/pvg2/index.php (13)
2014/06/12 11:17:34 [trace] [system.CModule] Loading "coreMessages" application component
in /var/www/pvg2/index.php (13)
2014/06/12 11:17:45 [trace] [system.CModule] Loading "log" application component
in /var/www/pvg2/index.php (13)
2014/06/12 11:17:45 [trace] [system.CModule] Loading "request" application component
in /var/www/pvg2/index.php (13)
2014/06/12 11:17:45 [trace] [system.CModule] Loading "urlManager" application component
in /var/www/pvg2/index.php (13)
2014/06/12 11:17:45 [trace] [system.base.CModule] Loading "gii" module
in /var/www/pvg2/index.php (13)
2014/06/12 11:17:45 [trace] [system.CModule] Loading "user" application component
in /var/www/pvg2/index.php (13)
2014/06/12 11:17:45 [trace] [system.CModule] Loading "session" application component
in /var/www/pvg2/index.php (13)
2014/06/12 11:17:45 [trace] [system.CModule] Loading "db" application component
in /var/www/pvg2/index.php (13)
2014/06/12 11:17:45 [trace] [system.db.CDbConnection] Opening DB connection
in /var/www/pvg2/index.php (13)
2014/06/12 11:17:45 [trace] [system.db.CDbCommand] Querying SQL: SHOW FULL COLUMNS FROM `tbl_rawdata`
in /var/www/pvg2/index.php (13)
2014/06/12 11:17:45 [trace] [system.db.CDbCommand] Querying SQL: SHOW CREATE TABLE `tbl_rawdata`
in /var/www/pvg2/index.php (13)
2014/06/12 11:17:45 [trace] [system.CModule] Loading "clientScript" application component
in /var/www/pvg2/index.php (13)
2014/06/12 11:17:45 [trace] [system.CModule] Loading "widgetFactory" application component
in /var/www/pvg2/index.php (13)
2014/06/12 11:17:45 [trace] [system.CModule] Loading "assetManager" application component
in /var/www/pvg2/index.php (13)
2014/06/12 11:17:45 [trace] [system.CModule] Loading "coreMessages" application component
in /var/www/pvg2/index.php (13)
2014/06/12 11:37:32 [trace] [system.CModule] Loading "log" application component
in /var/www/pvg2/index.php (13)
2014/06/12 11:37:32 [trace] [system.CModule] Loading "request" application component
in /var/www/pvg2/index.php (13)
2014/06/12 11:37:32 [trace] [system.CModule] Loading "urlManager" application component
in /var/www/pvg2/index.php (13)
2014/06/12 11:37:32 [trace] [system.base.CModule] Loading "gii" module
in /var/www/pvg2/index.php (13)
2014/06/12 11:37:32 [trace] [system.CModule] Loading "user" application component
in /var/www/pvg2/index.php (13)
2014/06/12 11:37:32 [trace] [system.CModule] Loading "session" application component
in /var/www/pvg2/index.php (13)
2014/06/12 11:37:32 [trace] [system.CModule] Loading "widgetFactory" application component
in /var/www/pvg2/index.php (13)
2014/06/12 11:37:32 [trace] [system.CModule] Loading "clientScript" application component
in /var/www/pvg2/index.php (13)
2014/06/12 11:37:32 [trace] [system.CModule] Loading "assetManager" application component
in /var/www/pvg2/index.php (13)
2014/06/12 11:37:32 [trace] [system.CModule] Loading "coreMessages" application component
in /var/www/pvg2/index.php (13)
2014/06/12 11:37:37 [trace] [system.CModule] Loading "log" application component
in /var/www/pvg2/index.php (13)
2014/06/12 11:37:37 [trace] [system.CModule] Loading "request" application component
in /var/www/pvg2/index.php (13)
2014/06/12 11:37:37 [trace] [system.CModule] Loading "urlManager" application component
in /var/www/pvg2/index.php (13)
2014/06/12 11:37:37 [trace] [system.base.CModule] Loading "gii" module
in /var/www/pvg2/index.php (13)
2014/06/12 11:37:37 [trace] [system.CModule] Loading "user" application component
in /var/www/pvg2/index.php (13)
2014/06/12 11:37:37 [trace] [system.CModule] Loading "session" application component
in /var/www/pvg2/index.php (13)
2014/06/12 11:37:37 [trace] [system.CModule] Loading "db" application component
in /var/www/pvg2/index.php (13)
2014/06/12 11:37:37 [trace] [system.db.CDbConnection] Opening DB connection
in /var/www/pvg2/index.php (13)
2014/06/12 11:37:37 [trace] [system.CModule] Loading "clientScript" application component
in /var/www/pvg2/index.php (13)
2014/06/12 11:37:37 [trace] [system.CModule] Loading "widgetFactory" application component
in /var/www/pvg2/index.php (13)
2014/06/12 11:37:37 [trace] [system.db.CDbCommand] Querying SQL: SHOW TABLES
in /var/www/pvg2/index.php (13)
2014/06/12 11:37:37 [trace] [system.db.CDbCommand] Querying SQL: SHOW FULL COLUMNS FROM `tbl_migration`
in /var/www/pvg2/index.php (13)
2014/06/12 11:37:37 [trace] [system.db.CDbCommand] Querying SQL: SHOW CREATE TABLE `tbl_migration`
in /var/www/pvg2/index.php (13)
2014/06/12 11:37:37 [trace] [system.db.CDbCommand] Querying SQL: SHOW FULL COLUMNS FROM `tbl_rawdata`
in /var/www/pvg2/index.php (13)
2014/06/12 11:37:37 [trace] [system.db.CDbCommand] Querying SQL: SHOW CREATE TABLE `tbl_rawdata`
in /var/www/pvg2/index.php (13)
2014/06/12 11:37:37 [trace] [system.db.CDbCommand] Querying SQL: SHOW FULL COLUMNS FROM `tbl_upload`
in /var/www/pvg2/index.php (13)
2014/06/12 11:37:37 [trace] [system.db.CDbCommand] Querying SQL: SHOW CREATE TABLE `tbl_upload`
in /var/www/pvg2/index.php (13)
2014/06/12 11:37:37 [trace] [system.db.CDbCommand] Querying SQL: SHOW FULL COLUMNS FROM `tbl_user`
in /var/www/pvg2/index.php (13)
2014/06/12 11:37:37 [trace] [system.db.CDbCommand] Querying SQL: SHOW CREATE TABLE `tbl_user`
in /var/www/pvg2/index.php (13)
2014/06/12 11:37:37 [trace] [system.CModule] Loading "assetManager" application component
in /var/www/pvg2/index.php (13)
2014/06/12 11:37:37 [trace] [system.CModule] Loading "coreMessages" application component
in /var/www/pvg2/index.php (13)
2014/06/12 11:37:45 [trace] [system.CModule] Loading "log" application component
in /var/www/pvg2/index.php (13)
2014/06/12 11:37:45 [trace] [system.CModule] Loading "request" application component
in /var/www/pvg2/index.php (13)
2014/06/12 11:37:45 [trace] [system.CModule] Loading "urlManager" application component
in /var/www/pvg2/index.php (13)
2014/06/12 11:37:45 [trace] [system.base.CModule] Loading "gii" module
in /var/www/pvg2/index.php (13)
2014/06/12 11:37:45 [trace] [system.CModule] Loading "user" application component
in /var/www/pvg2/index.php (13)
2014/06/12 11:37:45 [trace] [system.CModule] Loading "session" application component
in /var/www/pvg2/index.php (13)
2014/06/12 11:37:45 [trace] [system.CModule] Loading "db" application component
in /var/www/pvg2/index.php (13)
2014/06/12 11:37:45 [trace] [system.db.CDbConnection] Opening DB connection
in /var/www/pvg2/index.php (13)
2014/06/12 11:37:45 [trace] [system.db.CDbCommand] Querying SQL: SHOW FULL COLUMNS FROM `tbl_rawdata`
in /var/www/pvg2/index.php (13)
2014/06/12 11:37:45 [trace] [system.db.CDbCommand] Querying SQL: SHOW CREATE TABLE `tbl_rawdata`
in /var/www/pvg2/index.php (13)
2014/06/12 11:37:45 [trace] [system.db.CDbCommand] Querying SQL: SHOW TABLES
in /var/www/pvg2/index.php (13)
2014/06/12 11:37:45 [trace] [system.db.CDbCommand] Querying SQL: SHOW FULL COLUMNS FROM `tbl_migration`
in /var/www/pvg2/index.php (13)
2014/06/12 11:37:45 [trace] [system.db.CDbCommand] Querying SQL: SHOW CREATE TABLE `tbl_migration`
in /var/www/pvg2/index.php (13)
2014/06/12 11:37:45 [trace] [system.db.CDbCommand] Querying SQL: SHOW FULL COLUMNS FROM `tbl_upload`
in /var/www/pvg2/index.php (13)
2014/06/12 11:37:45 [trace] [system.db.CDbCommand] Querying SQL: SHOW CREATE TABLE `tbl_upload`
in /var/www/pvg2/index.php (13)
2014/06/12 11:37:45 [trace] [system.db.CDbCommand] Querying SQL: SHOW FULL COLUMNS FROM `tbl_user`
in /var/www/pvg2/index.php (13)
2014/06/12 11:37:45 [trace] [system.db.CDbCommand] Querying SQL: SHOW CREATE TABLE `tbl_user`
in /var/www/pvg2/index.php (13)
2014/06/12 11:37:45 [trace] [system.CModule] Loading "clientScript" application component
in /var/www/pvg2/index.php (13)
2014/06/12 11:37:45 [trace] [system.CModule] Loading "widgetFactory" application component
in /var/www/pvg2/index.php (13)
2014/06/12 11:37:45 [trace] [system.CModule] Loading "assetManager" application component
in /var/www/pvg2/index.php (13)
2014/06/12 11:37:45 [trace] [system.CModule] Loading "coreMessages" application component
in /var/www/pvg2/index.php (13)
2014/06/12 11:37:49 [trace] [system.CModule] Loading "log" application component
in /var/www/pvg2/index.php (13)
2014/06/12 11:37:49 [trace] [system.CModule] Loading "request" application component
in /var/www/pvg2/index.php (13)
2014/06/12 11:37:49 [trace] [system.CModule] Loading "urlManager" application component
in /var/www/pvg2/index.php (13)
2014/06/12 11:37:49 [trace] [system.base.CModule] Loading "gii" module
in /var/www/pvg2/index.php (13)
2014/06/12 11:37:49 [trace] [system.CModule] Loading "user" application component
in /var/www/pvg2/index.php (13)
2014/06/12 11:37:49 [trace] [system.CModule] Loading "session" application component
in /var/www/pvg2/index.php (13)
2014/06/12 11:37:49 [trace] [system.CModule] Loading "db" application component
in /var/www/pvg2/index.php (13)
2014/06/12 11:37:49 [trace] [system.db.CDbConnection] Opening DB connection
in /var/www/pvg2/index.php (13)
2014/06/12 11:37:49 [trace] [system.db.CDbCommand] Querying SQL: SHOW FULL COLUMNS FROM `tbl_rawdata`
in /var/www/pvg2/index.php (13)
2014/06/12 11:37:49 [trace] [system.db.CDbCommand] Querying SQL: SHOW CREATE TABLE `tbl_rawdata`
in /var/www/pvg2/index.php (13)
2014/06/12 11:37:49 [trace] [system.db.CDbCommand] Querying SQL: SHOW TABLES
in /var/www/pvg2/index.php (13)
2014/06/12 11:37:49 [trace] [system.db.CDbCommand] Querying SQL: SHOW FULL COLUMNS FROM `tbl_migration`
in /var/www/pvg2/index.php (13)
2014/06/12 11:37:49 [trace] [system.db.CDbCommand] Querying SQL: SHOW CREATE TABLE `tbl_migration`
in /var/www/pvg2/index.php (13)
2014/06/12 11:37:49 [trace] [system.db.CDbCommand] Querying SQL: SHOW FULL COLUMNS FROM `tbl_upload`
in /var/www/pvg2/index.php (13)
2014/06/12 11:37:49 [trace] [system.db.CDbCommand] Querying SQL: SHOW CREATE TABLE `tbl_upload`
in /var/www/pvg2/index.php (13)
2014/06/12 11:37:49 [trace] [system.db.CDbCommand] Querying SQL: SHOW FULL COLUMNS FROM `tbl_user`
in /var/www/pvg2/index.php (13)
2014/06/12 11:37:49 [trace] [system.db.CDbCommand] Querying SQL: SHOW CREATE TABLE `tbl_user`
in /var/www/pvg2/index.php (13)
2014/06/12 11:37:49 [trace] [system.CModule] Loading "clientScript" application component
in /var/www/pvg2/index.php (13)
2014/06/12 11:37:49 [trace] [system.CModule] Loading "widgetFactory" application component
in /var/www/pvg2/index.php (13)
2014/06/12 11:37:49 [trace] [system.CModule] Loading "assetManager" application component
in /var/www/pvg2/index.php (13)
2014/06/12 11:37:49 [trace] [system.CModule] Loading "coreMessages" application component
in /var/www/pvg2/index.php (13)
2014/06/12 11:37:51 [trace] [system.CModule] Loading "log" application component
in /var/www/pvg2/index.php (13)
2014/06/12 11:37:51 [trace] [system.CModule] Loading "request" application component
in /var/www/pvg2/index.php (13)
2014/06/12 11:37:51 [trace] [system.CModule] Loading "urlManager" application component
in /var/www/pvg2/index.php (13)
2014/06/12 11:37:51 [trace] [system.base.CModule] Loading "gii" module
in /var/www/pvg2/index.php (13)
2014/06/12 11:37:51 [trace] [system.CModule] Loading "user" application component
in /var/www/pvg2/index.php (13)
2014/06/12 11:37:51 [trace] [system.CModule] Loading "session" application component
in /var/www/pvg2/index.php (13)
2014/06/12 11:37:51 [trace] [system.CModule] Loading "db" application component
in /var/www/pvg2/index.php (13)
2014/06/12 11:37:51 [trace] [system.db.CDbConnection] Opening DB connection
in /var/www/pvg2/index.php (13)
2014/06/12 11:37:51 [trace] [system.CModule] Loading "clientScript" application component
in /var/www/pvg2/index.php (13)
2014/06/12 11:37:51 [trace] [system.CModule] Loading "widgetFactory" application component
in /var/www/pvg2/index.php (13)
2014/06/12 11:37:51 [trace] [system.CModule] Loading "assetManager" application component
in /var/www/pvg2/index.php (13)
2014/06/12 11:37:51 [trace] [system.CModule] Loading "coreMessages" application component
in /var/www/pvg2/index.php (13)
2014/06/12 11:38:01 [trace] [system.CModule] Loading "log" application component
in /var/www/pvg2/index.php (13)
2014/06/12 11:38:01 [trace] [system.CModule] Loading "request" application component
in /var/www/pvg2/index.php (13)
2014/06/12 11:38:01 [trace] [system.CModule] Loading "urlManager" application component
in /var/www/pvg2/index.php (13)
2014/06/12 11:38:01 [trace] [system.base.CModule] Loading "gii" module
in /var/www/pvg2/index.php (13)
2014/06/12 11:38:01 [trace] [system.CModule] Loading "user" application component
in /var/www/pvg2/index.php (13)
2014/06/12 11:38:01 [trace] [system.CModule] Loading "session" application component
in /var/www/pvg2/index.php (13)
2014/06/12 11:38:01 [trace] [system.CModule] Loading "db" application component
in /var/www/pvg2/index.php (13)
2014/06/12 11:38:01 [trace] [system.db.CDbConnection] Opening DB connection
in /var/www/pvg2/index.php (13)
2014/06/12 11:38:01 [trace] [system.db.CDbCommand] Querying SQL: SHOW FULL COLUMNS FROM `tbl_rawdata`
in /var/www/pvg2/index.php (13)
2014/06/12 11:38:01 [trace] [system.db.CDbCommand] Querying SQL: SHOW CREATE TABLE `tbl_rawdata`
in /var/www/pvg2/index.php (13)
2014/06/12 11:38:01 [trace] [system.CModule] Loading "clientScript" application component
in /var/www/pvg2/index.php (13)
2014/06/12 11:38:01 [trace] [system.CModule] Loading "widgetFactory" application component
in /var/www/pvg2/index.php (13)
2014/06/12 11:38:01 [trace] [system.CModule] Loading "assetManager" application component
in /var/www/pvg2/index.php (13)
2014/06/12 11:38:01 [trace] [system.CModule] Loading "coreMessages" application component
in /var/www/pvg2/index.php (13)
2014/06/12 11:38:07 [trace] [system.CModule] Loading "log" application component
in /var/www/pvg2/index.php (13)
2014/06/12 11:38:07 [trace] [system.CModule] Loading "request" application component
in /var/www/pvg2/index.php (13)
2014/06/12 11:38:07 [trace] [system.CModule] Loading "urlManager" application component
in /var/www/pvg2/index.php (13)
2014/06/12 11:38:07 [trace] [system.base.CModule] Loading "gii" module
in /var/www/pvg2/index.php (13)
2014/06/12 11:38:07 [trace] [system.CModule] Loading "user" application component
in /var/www/pvg2/index.php (13)
2014/06/12 11:38:07 [trace] [system.CModule] Loading "session" application component
in /var/www/pvg2/index.php (13)
2014/06/12 11:38:07 [trace] [system.CModule] Loading "db" application component
in /var/www/pvg2/index.php (13)
2014/06/12 11:38:07 [trace] [system.db.CDbConnection] Opening DB connection
in /var/www/pvg2/index.php (13)
2014/06/12 11:38:07 [trace] [system.db.CDbCommand] Querying SQL: SHOW FULL COLUMNS FROM `tbl_rawdata`
in /var/www/pvg2/index.php (13)
2014/06/12 11:38:07 [trace] [system.db.CDbCommand] Querying SQL: SHOW CREATE TABLE `tbl_rawdata`
in /var/www/pvg2/index.php (13)
2014/06/12 11:38:07 [trace] [system.CModule] Loading "clientScript" application component
in /var/www/pvg2/index.php (13)
2014/06/12 11:38:07 [trace] [system.CModule] Loading "widgetFactory" application component
in /var/www/pvg2/index.php (13)
2014/06/12 11:38:07 [trace] [system.CModule] Loading "assetManager" application component
in /var/www/pvg2/index.php (13)
2014/06/12 11:38:07 [trace] [system.CModule] Loading "coreMessages" application component
in /var/www/pvg2/index.php (13)
